
Copyright (C) 1994-2023 Synopsys, Inc.
This Synopsys software and all associated documentation are proprietary to Synopsys, Inc.
and may only be used pursuant to the terms and conditions of a written license agreement
with Synopsys, Inc. All other use, reproduction, modification, or distribution of the
Synopsys software or the associated documentation is strictly prohibited.
Tool: Synplify Pro (R)
Build: U-2023.03L-SP1
Install: C:\lscc\diamond\3.13\synpbase
OS: Windows 10 or later
Hostname: 2119PC2

Implementation : syn_results

# Written on Tue Sep  3 11:42:07 2024

##### DESIGN INFO #######################################################

Top View:                "int_pll"
Constraint File(s):      "C:\Users\p2119\Desktop\FPGA_CrossLink_LIF_MD6000_DSI_to_OLED\impl_800x600\ip_cores\ip_cores\int_pll\int_pll.fdc"




##### SUMMARY ############################################################

Found 0 issues in 0 out of 0 constraints


##### DETAILS ############################################################



Clock Relationships
*******************

Starting     Ending     |     rise to rise     |     fall to fall     |     rise to fall     |     fall to rise                     
-----------------------------------------------------------------------------------------------------------------------------------
System       System     |     10.000           |     No paths         |     No paths         |     No paths                         
===================================================================================================================================
 Note: 'No paths' indicates there are no paths in the design for that pair of clock edges.
       'Diff grp' indicates that paths exist but the starting clock and ending clock are in different clock groups.


Unconstrained Start/End Points
******************************

p:CLKI
p:CLKOP
p:CLKOS
p:CLKOS2
p:LOCK
p:RST


Inapplicable constraints
************************

(none)


Applicable constraints with issues
**********************************

(none)


Constraints with matching wildcard expressions
**********************************************

(none)


Library Report
**************


# End of Constraint Checker Report
