
Copyright (C) 1994-2023 Synopsys, Inc.
This Synopsys software and all associated documentation are proprietary to Synopsys, Inc.
and may only be used pursuant to the terms and conditions of a written license agreement
with Synopsys, Inc. All other use, reproduction, modification, or distribution of the
Synopsys software or the associated documentation is strictly prohibited.
Tool: Synplify Pro (R)
Build: U-2023.03L-SP1
Install: C:\lscc\diamond\3.13\synpbase
OS: Windows 10 or later
Hostname: 2119PC2

Implementation : syn_results
Synopsys HDL compiler and linker, Version comp202303synp1, Build 155R, Built Aug 10 2023 09:42:17, @

Modified Files: 2
FID:  path (prevtimestamp, timestamp)
16       C:\Users\p2119\Desktop\FPGA_CrossLink_LIF_MD6000_DSI_to_OLED\impl_1280x1024\ip_cores\ip_cores\int_pll\int_pll.v (N/A, 2024-09-03 12:44:34)
8        C:\Users\p2119\Desktop\FPGA_CrossLink_LIF_MD6000_DSI_to_OLED\impl_800x600\ip_cores\ip_cores\int_pll\int_pll.v (2024-09-03 11:42:01, N/A)

*******************************************************************
Modules that may have changed as a result of file changes: 127
MID:  lib.cell.view
0        work.AND2.verilog may have changed because the following files changed:
                        C:\Users\p2119\Desktop\FPGA_CrossLink_LIF_MD6000_DSI_to_OLED\impl_1280x1024\ip_cores\ip_cores\int_pll\int_pll.v (N/A, 2024-09-03 12:44:34) <-- (may instantiate this module)
1        work.AND3.verilog may have changed because the following files changed:
                        C:\Users\p2119\Desktop\FPGA_CrossLink_LIF_MD6000_DSI_to_OLED\impl_1280x1024\ip_cores\ip_cores\int_pll\int_pll.v (N/A, 2024-09-03 12:44:34) <-- (may instantiate this module)
2        work.AND4.verilog may have changed because the following files changed:
                        C:\Users\p2119\Desktop\FPGA_CrossLink_LIF_MD6000_DSI_to_OLED\impl_1280x1024\ip_cores\ip_cores\int_pll\int_pll.v (N/A, 2024-09-03 12:44:34) <-- (may instantiate this module)
3        work.AND5.verilog may have changed because the following files changed:
                        C:\Users\p2119\Desktop\FPGA_CrossLink_LIF_MD6000_DSI_to_OLED\impl_1280x1024\ip_cores\ip_cores\int_pll\int_pll.v (N/A, 2024-09-03 12:44:34) <-- (may instantiate this module)
4        work.BB.verilog may have changed because the following files changed:
                        C:\Users\p2119\Desktop\FPGA_CrossLink_LIF_MD6000_DSI_to_OLED\impl_1280x1024\ip_cores\ip_cores\int_pll\int_pll.v (N/A, 2024-09-03 12:44:34) <-- (may instantiate this module)
5        work.BBPU.verilog may have changed because the following files changed:
                        C:\Users\p2119\Desktop\FPGA_CrossLink_LIF_MD6000_DSI_to_OLED\impl_1280x1024\ip_cores\ip_cores\int_pll\int_pll.v (N/A, 2024-09-03 12:44:34) <-- (may instantiate this module)
6        work.BCINRD.verilog may have changed because the following files changed:
                        C:\Users\p2119\Desktop\FPGA_CrossLink_LIF_MD6000_DSI_to_OLED\impl_1280x1024\ip_cores\ip_cores\int_pll\int_pll.v (N/A, 2024-09-03 12:44:34) <-- (may instantiate this module)
7        work.BCLVDSOB.verilog may have changed because the following files changed:
                        C:\Users\p2119\Desktop\FPGA_CrossLink_LIF_MD6000_DSI_to_OLED\impl_1280x1024\ip_cores\ip_cores\int_pll\int_pll.v (N/A, 2024-09-03 12:44:34) <-- (may instantiate this module)
8        work.CCU2C.verilog may have changed because the following files changed:
                        C:\Users\p2119\Desktop\FPGA_CrossLink_LIF_MD6000_DSI_to_OLED\impl_1280x1024\ip_cores\ip_cores\int_pll\int_pll.v (N/A, 2024-09-03 12:44:34) <-- (may instantiate this module)
9        work.CLKDIVG.verilog may have changed because the following files changed:
                        C:\Users\p2119\Desktop\FPGA_CrossLink_LIF_MD6000_DSI_to_OLED\impl_1280x1024\ip_cores\ip_cores\int_pll\int_pll.v (N/A, 2024-09-03 12:44:34) <-- (may instantiate this module)
10       work.DCCA.verilog may have changed because the following files changed:
                        C:\Users\p2119\Desktop\FPGA_CrossLink_LIF_MD6000_DSI_to_OLED\impl_1280x1024\ip_cores\ip_cores\int_pll\int_pll.v (N/A, 2024-09-03 12:44:34) <-- (may instantiate this module)
11       work.DCSC.verilog may have changed because the following files changed:
                        C:\Users\p2119\Desktop\FPGA_CrossLink_LIF_MD6000_DSI_to_OLED\impl_1280x1024\ip_cores\ip_cores\int_pll\int_pll.v (N/A, 2024-09-03 12:44:34) <-- (may instantiate this module)
12       work.DDRDLLA.verilog may have changed because the following files changed:
                        C:\Users\p2119\Desktop\FPGA_CrossLink_LIF_MD6000_DSI_to_OLED\impl_1280x1024\ip_cores\ip_cores\int_pll\int_pll.v (N/A, 2024-09-03 12:44:34) <-- (may instantiate this module)
13       work.DELAYF.verilog may have changed because the following files changed:
                        C:\Users\p2119\Desktop\FPGA_CrossLink_LIF_MD6000_DSI_to_OLED\impl_1280x1024\ip_cores\ip_cores\int_pll\int_pll.v (N/A, 2024-09-03 12:44:34) <-- (may instantiate this module)
14       work.DELAYG.verilog may have changed because the following files changed:
                        C:\Users\p2119\Desktop\FPGA_CrossLink_LIF_MD6000_DSI_to_OLED\impl_1280x1024\ip_cores\ip_cores\int_pll\int_pll.v (N/A, 2024-09-03 12:44:34) <-- (may instantiate this module)
15       work.DLLDELD.verilog may have changed because the following files changed:
                        C:\Users\p2119\Desktop\FPGA_CrossLink_LIF_MD6000_DSI_to_OLED\impl_1280x1024\ip_cores\ip_cores\int_pll\int_pll.v (N/A, 2024-09-03 12:44:34) <-- (may instantiate this module)
16       work.DP8KE.verilog may have changed because the following files changed:
                        C:\Users\p2119\Desktop\FPGA_CrossLink_LIF_MD6000_DSI_to_OLED\impl_1280x1024\ip_cores\ip_cores\int_pll\int_pll.v (N/A, 2024-09-03 12:44:34) <-- (may instantiate this module)
17       work.DPR16X4C.verilog may have changed because the following files changed:
                        C:\Users\p2119\Desktop\FPGA_CrossLink_LIF_MD6000_DSI_to_OLED\impl_1280x1024\ip_cores\ip_cores\int_pll\int_pll.v (N/A, 2024-09-03 12:44:34) <-- (may instantiate this module)
18       work.ECLKSYNCB.verilog may have changed because the following files changed:
                        C:\Users\p2119\Desktop\FPGA_CrossLink_LIF_MD6000_DSI_to_OLED\impl_1280x1024\ip_cores\ip_cores\int_pll\int_pll.v (N/A, 2024-09-03 12:44:34) <-- (may instantiate this module)
19       work.EHXPLLM.verilog may have changed because the following files changed:
                        C:\Users\p2119\Desktop\FPGA_CrossLink_LIF_MD6000_DSI_to_OLED\impl_1280x1024\ip_cores\ip_cores\int_pll\int_pll.v (N/A, 2024-09-03 12:44:34) <-- (may instantiate this module)
20       work.FD1P3AX.verilog may have changed because the following files changed:
                        C:\Users\p2119\Desktop\FPGA_CrossLink_LIF_MD6000_DSI_to_OLED\impl_1280x1024\ip_cores\ip_cores\int_pll\int_pll.v (N/A, 2024-09-03 12:44:34) <-- (may instantiate this module)
21       work.FD1P3AY.verilog may have changed because the following files changed:
                        C:\Users\p2119\Desktop\FPGA_CrossLink_LIF_MD6000_DSI_to_OLED\impl_1280x1024\ip_cores\ip_cores\int_pll\int_pll.v (N/A, 2024-09-03 12:44:34) <-- (may instantiate this module)
22       work.FD1P3BX.verilog may have changed because the following files changed:
                        C:\Users\p2119\Desktop\FPGA_CrossLink_LIF_MD6000_DSI_to_OLED\impl_1280x1024\ip_cores\ip_cores\int_pll\int_pll.v (N/A, 2024-09-03 12:44:34) <-- (may instantiate this module)
23       work.FD1P3DX.verilog may have changed because the following files changed:
                        C:\Users\p2119\Desktop\FPGA_CrossLink_LIF_MD6000_DSI_to_OLED\impl_1280x1024\ip_cores\ip_cores\int_pll\int_pll.v (N/A, 2024-09-03 12:44:34) <-- (may instantiate this module)
24       work.FD1P3IX.verilog may have changed because the following files changed:
                        C:\Users\p2119\Desktop\FPGA_CrossLink_LIF_MD6000_DSI_to_OLED\impl_1280x1024\ip_cores\ip_cores\int_pll\int_pll.v (N/A, 2024-09-03 12:44:34) <-- (may instantiate this module)
25       work.FD1P3JX.verilog may have changed because the following files changed:
                        C:\Users\p2119\Desktop\FPGA_CrossLink_LIF_MD6000_DSI_to_OLED\impl_1280x1024\ip_cores\ip_cores\int_pll\int_pll.v (N/A, 2024-09-03 12:44:34) <-- (may instantiate this module)
26       work.FD1S3AX.verilog may have changed because the following files changed:
                        C:\Users\p2119\Desktop\FPGA_CrossLink_LIF_MD6000_DSI_to_OLED\impl_1280x1024\ip_cores\ip_cores\int_pll\int_pll.v (N/A, 2024-09-03 12:44:34) <-- (may instantiate this module)
27       work.FD1S3AY.verilog may have changed because the following files changed:
                        C:\Users\p2119\Desktop\FPGA_CrossLink_LIF_MD6000_DSI_to_OLED\impl_1280x1024\ip_cores\ip_cores\int_pll\int_pll.v (N/A, 2024-09-03 12:44:34) <-- (may instantiate this module)
28       work.FD1S3BX.verilog may have changed because the following files changed:
                        C:\Users\p2119\Desktop\FPGA_CrossLink_LIF_MD6000_DSI_to_OLED\impl_1280x1024\ip_cores\ip_cores\int_pll\int_pll.v (N/A, 2024-09-03 12:44:34) <-- (may instantiate this module)
29       work.FD1S3DX.verilog may have changed because the following files changed:
                        C:\Users\p2119\Desktop\FPGA_CrossLink_LIF_MD6000_DSI_to_OLED\impl_1280x1024\ip_cores\ip_cores\int_pll\int_pll.v (N/A, 2024-09-03 12:44:34) <-- (may instantiate this module)
30       work.FD1S3IX.verilog may have changed because the following files changed:
                        C:\Users\p2119\Desktop\FPGA_CrossLink_LIF_MD6000_DSI_to_OLED\impl_1280x1024\ip_cores\ip_cores\int_pll\int_pll.v (N/A, 2024-09-03 12:44:34) <-- (may instantiate this module)
31       work.FD1S3JX.verilog may have changed because the following files changed:
                        C:\Users\p2119\Desktop\FPGA_CrossLink_LIF_MD6000_DSI_to_OLED\impl_1280x1024\ip_cores\ip_cores\int_pll\int_pll.v (N/A, 2024-09-03 12:44:34) <-- (may instantiate this module)
32       work.FL1P3AY.verilog may have changed because the following files changed:
                        C:\Users\p2119\Desktop\FPGA_CrossLink_LIF_MD6000_DSI_to_OLED\impl_1280x1024\ip_cores\ip_cores\int_pll\int_pll.v (N/A, 2024-09-03 12:44:34) <-- (may instantiate this module)
33       work.FL1P3AZ.verilog may have changed because the following files changed:
                        C:\Users\p2119\Desktop\FPGA_CrossLink_LIF_MD6000_DSI_to_OLED\impl_1280x1024\ip_cores\ip_cores\int_pll\int_pll.v (N/A, 2024-09-03 12:44:34) <-- (may instantiate this module)
34       work.FL1P3BX.verilog may have changed because the following files changed:
                        C:\Users\p2119\Desktop\FPGA_CrossLink_LIF_MD6000_DSI_to_OLED\impl_1280x1024\ip_cores\ip_cores\int_pll\int_pll.v (N/A, 2024-09-03 12:44:34) <-- (may instantiate this module)
35       work.FL1P3DX.verilog may have changed because the following files changed:
                        C:\Users\p2119\Desktop\FPGA_CrossLink_LIF_MD6000_DSI_to_OLED\impl_1280x1024\ip_cores\ip_cores\int_pll\int_pll.v (N/A, 2024-09-03 12:44:34) <-- (may instantiate this module)
36       work.FL1P3IY.verilog may have changed because the following files changed:
                        C:\Users\p2119\Desktop\FPGA_CrossLink_LIF_MD6000_DSI_to_OLED\impl_1280x1024\ip_cores\ip_cores\int_pll\int_pll.v (N/A, 2024-09-03 12:44:34) <-- (may instantiate this module)
37       work.FL1P3JY.verilog may have changed because the following files changed:
                        C:\Users\p2119\Desktop\FPGA_CrossLink_LIF_MD6000_DSI_to_OLED\impl_1280x1024\ip_cores\ip_cores\int_pll\int_pll.v (N/A, 2024-09-03 12:44:34) <-- (may instantiate this module)
38       work.FL1S3AX.verilog may have changed because the following files changed:
                        C:\Users\p2119\Desktop\FPGA_CrossLink_LIF_MD6000_DSI_to_OLED\impl_1280x1024\ip_cores\ip_cores\int_pll\int_pll.v (N/A, 2024-09-03 12:44:34) <-- (may instantiate this module)
39       work.FL1S3AY.verilog may have changed because the following files changed:
                        C:\Users\p2119\Desktop\FPGA_CrossLink_LIF_MD6000_DSI_to_OLED\impl_1280x1024\ip_cores\ip_cores\int_pll\int_pll.v (N/A, 2024-09-03 12:44:34) <-- (may instantiate this module)
40       work.GSR.verilog may have changed because the following files changed:
                        C:\Users\p2119\Desktop\FPGA_CrossLink_LIF_MD6000_DSI_to_OLED\impl_1280x1024\ip_cores\ip_cores\int_pll\int_pll.v (N/A, 2024-09-03 12:44:34) <-- (may instantiate this module)
41       work.I2CA.verilog may have changed because the following files changed:
                        C:\Users\p2119\Desktop\FPGA_CrossLink_LIF_MD6000_DSI_to_OLED\impl_1280x1024\ip_cores\ip_cores\int_pll\int_pll.v (N/A, 2024-09-03 12:44:34) <-- (may instantiate this module)
42       work.IB.verilog may have changed because the following files changed:
                        C:\Users\p2119\Desktop\FPGA_CrossLink_LIF_MD6000_DSI_to_OLED\impl_1280x1024\ip_cores\ip_cores\int_pll\int_pll.v (N/A, 2024-09-03 12:44:34) <-- (may instantiate this module)
43       work.IBPU.verilog may have changed because the following files changed:
                        C:\Users\p2119\Desktop\FPGA_CrossLink_LIF_MD6000_DSI_to_OLED\impl_1280x1024\ip_cores\ip_cores\int_pll\int_pll.v (N/A, 2024-09-03 12:44:34) <-- (may instantiate this module)
44       work.IDDR141A.verilog may have changed because the following files changed:
                        C:\Users\p2119\Desktop\FPGA_CrossLink_LIF_MD6000_DSI_to_OLED\impl_1280x1024\ip_cores\ip_cores\int_pll\int_pll.v (N/A, 2024-09-03 12:44:34) <-- (may instantiate this module)
45       work.IDDR71B.verilog may have changed because the following files changed:
                        C:\Users\p2119\Desktop\FPGA_CrossLink_LIF_MD6000_DSI_to_OLED\impl_1280x1024\ip_cores\ip_cores\int_pll\int_pll.v (N/A, 2024-09-03 12:44:34) <-- (may instantiate this module)
46       work.IDDRX1F.verilog may have changed because the following files changed:
                        C:\Users\p2119\Desktop\FPGA_CrossLink_LIF_MD6000_DSI_to_OLED\impl_1280x1024\ip_cores\ip_cores\int_pll\int_pll.v (N/A, 2024-09-03 12:44:34) <-- (may instantiate this module)
47       work.IDDRX2F.verilog may have changed because the following files changed:
                        C:\Users\p2119\Desktop\FPGA_CrossLink_LIF_MD6000_DSI_to_OLED\impl_1280x1024\ip_cores\ip_cores\int_pll\int_pll.v (N/A, 2024-09-03 12:44:34) <-- (may instantiate this module)
48       work.IDDRX4C.verilog may have changed because the following files changed:
                        C:\Users\p2119\Desktop\FPGA_CrossLink_LIF_MD6000_DSI_to_OLED\impl_1280x1024\ip_cores\ip_cores\int_pll\int_pll.v (N/A, 2024-09-03 12:44:34) <-- (may instantiate this module)
49       work.IDDRX8A.verilog may have changed because the following files changed:
                        C:\Users\p2119\Desktop\FPGA_CrossLink_LIF_MD6000_DSI_to_OLED\impl_1280x1024\ip_cores\ip_cores\int_pll\int_pll.v (N/A, 2024-09-03 12:44:34) <-- (may instantiate this module)
50       work.IFS1P3BX.verilog may have changed because the following files changed:
                        C:\Users\p2119\Desktop\FPGA_CrossLink_LIF_MD6000_DSI_to_OLED\impl_1280x1024\ip_cores\ip_cores\int_pll\int_pll.v (N/A, 2024-09-03 12:44:34) <-- (may instantiate this module)
51       work.IFS1P3DX.verilog may have changed because the following files changed:
                        C:\Users\p2119\Desktop\FPGA_CrossLink_LIF_MD6000_DSI_to_OLED\impl_1280x1024\ip_cores\ip_cores\int_pll\int_pll.v (N/A, 2024-09-03 12:44:34) <-- (may instantiate this module)
52       work.IFS1P3IX.verilog may have changed because the following files changed:
                        C:\Users\p2119\Desktop\FPGA_CrossLink_LIF_MD6000_DSI_to_OLED\impl_1280x1024\ip_cores\ip_cores\int_pll\int_pll.v (N/A, 2024-09-03 12:44:34) <-- (may instantiate this module)
53       work.IFS1P3JX.verilog may have changed because the following files changed:
                        C:\Users\p2119\Desktop\FPGA_CrossLink_LIF_MD6000_DSI_to_OLED\impl_1280x1024\ip_cores\ip_cores\int_pll\int_pll.v (N/A, 2024-09-03 12:44:34) <-- (may instantiate this module)
54       work.IFS1S1B.verilog may have changed because the following files changed:
                        C:\Users\p2119\Desktop\FPGA_CrossLink_LIF_MD6000_DSI_to_OLED\impl_1280x1024\ip_cores\ip_cores\int_pll\int_pll.v (N/A, 2024-09-03 12:44:34) <-- (may instantiate this module)
55       work.IFS1S1D.verilog may have changed because the following files changed:
                        C:\Users\p2119\Desktop\FPGA_CrossLink_LIF_MD6000_DSI_to_OLED\impl_1280x1024\ip_cores\ip_cores\int_pll\int_pll.v (N/A, 2024-09-03 12:44:34) <-- (may instantiate this module)
56       work.IFS1S1I.verilog may have changed because the following files changed:
                        C:\Users\p2119\Desktop\FPGA_CrossLink_LIF_MD6000_DSI_to_OLED\impl_1280x1024\ip_cores\ip_cores\int_pll\int_pll.v (N/A, 2024-09-03 12:44:34) <-- (may instantiate this module)
57       work.IFS1S1J.verilog may have changed because the following files changed:
                        C:\Users\p2119\Desktop\FPGA_CrossLink_LIF_MD6000_DSI_to_OLED\impl_1280x1024\ip_cores\ip_cores\int_pll\int_pll.v (N/A, 2024-09-03 12:44:34) <-- (may instantiate this module)
58       work.ILVDS.verilog may have changed because the following files changed:
                        C:\Users\p2119\Desktop\FPGA_CrossLink_LIF_MD6000_DSI_to_OLED\impl_1280x1024\ip_cores\ip_cores\int_pll\int_pll.v (N/A, 2024-09-03 12:44:34) <-- (may instantiate this module)
59       work.INRDB.verilog may have changed because the following files changed:
                        C:\Users\p2119\Desktop\FPGA_CrossLink_LIF_MD6000_DSI_to_OLED\impl_1280x1024\ip_cores\ip_cores\int_pll\int_pll.v (N/A, 2024-09-03 12:44:34) <-- (may instantiate this module)
60       work.INV.verilog may have changed because the following files changed:
                        C:\Users\p2119\Desktop\FPGA_CrossLink_LIF_MD6000_DSI_to_OLED\impl_1280x1024\ip_cores\ip_cores\int_pll\int_pll.v (N/A, 2024-09-03 12:44:34) <-- (may instantiate this module)
61       work.L6MUX21.verilog may have changed because the following files changed:
                        C:\Users\p2119\Desktop\FPGA_CrossLink_LIF_MD6000_DSI_to_OLED\impl_1280x1024\ip_cores\ip_cores\int_pll\int_pll.v (N/A, 2024-09-03 12:44:34) <-- (may instantiate this module)
62       work.LUT4.verilog may have changed because the following files changed:
                        C:\Users\p2119\Desktop\FPGA_CrossLink_LIF_MD6000_DSI_to_OLED\impl_1280x1024\ip_cores\ip_cores\int_pll\int_pll.v (N/A, 2024-09-03 12:44:34) <-- (may instantiate this module)
63       work.LUT5.verilog may have changed because the following files changed:
                        C:\Users\p2119\Desktop\FPGA_CrossLink_LIF_MD6000_DSI_to_OLED\impl_1280x1024\ip_cores\ip_cores\int_pll\int_pll.v (N/A, 2024-09-03 12:44:34) <-- (may instantiate this module)
64       work.LUT6.verilog may have changed because the following files changed:
                        C:\Users\p2119\Desktop\FPGA_CrossLink_LIF_MD6000_DSI_to_OLED\impl_1280x1024\ip_cores\ip_cores\int_pll\int_pll.v (N/A, 2024-09-03 12:44:34) <-- (may instantiate this module)
65       work.LUT7.verilog may have changed because the following files changed:
                        C:\Users\p2119\Desktop\FPGA_CrossLink_LIF_MD6000_DSI_to_OLED\impl_1280x1024\ip_cores\ip_cores\int_pll\int_pll.v (N/A, 2024-09-03 12:44:34) <-- (may instantiate this module)
66       work.LUT8.verilog may have changed because the following files changed:
                        C:\Users\p2119\Desktop\FPGA_CrossLink_LIF_MD6000_DSI_to_OLED\impl_1280x1024\ip_cores\ip_cores\int_pll\int_pll.v (N/A, 2024-09-03 12:44:34) <-- (may instantiate this module)
67       work.LVDSOB.verilog may have changed because the following files changed:
                        C:\Users\p2119\Desktop\FPGA_CrossLink_LIF_MD6000_DSI_to_OLED\impl_1280x1024\ip_cores\ip_cores\int_pll\int_pll.v (N/A, 2024-09-03 12:44:34) <-- (may instantiate this module)
68       work.MIPI.verilog may have changed because the following files changed:
                        C:\Users\p2119\Desktop\FPGA_CrossLink_LIF_MD6000_DSI_to_OLED\impl_1280x1024\ip_cores\ip_cores\int_pll\int_pll.v (N/A, 2024-09-03 12:44:34) <-- (may instantiate this module)
69       work.MIPIDPHYA.verilog may have changed because the following files changed:
                        C:\Users\p2119\Desktop\FPGA_CrossLink_LIF_MD6000_DSI_to_OLED\impl_1280x1024\ip_cores\ip_cores\int_pll\int_pll.v (N/A, 2024-09-03 12:44:34) <-- (may instantiate this module)
70       work.MUX161.verilog may have changed because the following files changed:
                        C:\Users\p2119\Desktop\FPGA_CrossLink_LIF_MD6000_DSI_to_OLED\impl_1280x1024\ip_cores\ip_cores\int_pll\int_pll.v (N/A, 2024-09-03 12:44:34) <-- (may instantiate this module)
71       work.MUX21.verilog may have changed because the following files changed:
                        C:\Users\p2119\Desktop\FPGA_CrossLink_LIF_MD6000_DSI_to_OLED\impl_1280x1024\ip_cores\ip_cores\int_pll\int_pll.v (N/A, 2024-09-03 12:44:34) <-- (may instantiate this module)
72       work.MUX321.verilog may have changed because the following files changed:
                        C:\Users\p2119\Desktop\FPGA_CrossLink_LIF_MD6000_DSI_to_OLED\impl_1280x1024\ip_cores\ip_cores\int_pll\int_pll.v (N/A, 2024-09-03 12:44:34) <-- (may instantiate this module)
73       work.MUX41.verilog may have changed because the following files changed:
                        C:\Users\p2119\Desktop\FPGA_CrossLink_LIF_MD6000_DSI_to_OLED\impl_1280x1024\ip_cores\ip_cores\int_pll\int_pll.v (N/A, 2024-09-03 12:44:34) <-- (may instantiate this module)
74       work.MUX81.verilog may have changed because the following files changed:
                        C:\Users\p2119\Desktop\FPGA_CrossLink_LIF_MD6000_DSI_to_OLED\impl_1280x1024\ip_cores\ip_cores\int_pll\int_pll.v (N/A, 2024-09-03 12:44:34) <-- (may instantiate this module)
75       work.ND2.verilog may have changed because the following files changed:
                        C:\Users\p2119\Desktop\FPGA_CrossLink_LIF_MD6000_DSI_to_OLED\impl_1280x1024\ip_cores\ip_cores\int_pll\int_pll.v (N/A, 2024-09-03 12:44:34) <-- (may instantiate this module)
76       work.ND3.verilog may have changed because the following files changed:
                        C:\Users\p2119\Desktop\FPGA_CrossLink_LIF_MD6000_DSI_to_OLED\impl_1280x1024\ip_cores\ip_cores\int_pll\int_pll.v (N/A, 2024-09-03 12:44:34) <-- (may instantiate this module)
77       work.ND4.verilog may have changed because the following files changed:
                        C:\Users\p2119\Desktop\FPGA_CrossLink_LIF_MD6000_DSI_to_OLED\impl_1280x1024\ip_cores\ip_cores\int_pll\int_pll.v (N/A, 2024-09-03 12:44:34) <-- (may instantiate this module)
78       work.ND5.verilog may have changed because the following files changed:
                        C:\Users\p2119\Desktop\FPGA_CrossLink_LIF_MD6000_DSI_to_OLED\impl_1280x1024\ip_cores\ip_cores\int_pll\int_pll.v (N/A, 2024-09-03 12:44:34) <-- (may instantiate this module)
79       work.NR2.verilog may have changed because the following files changed:
                        C:\Users\p2119\Desktop\FPGA_CrossLink_LIF_MD6000_DSI_to_OLED\impl_1280x1024\ip_cores\ip_cores\int_pll\int_pll.v (N/A, 2024-09-03 12:44:34) <-- (may instantiate this module)
80       work.NR3.verilog may have changed because the following files changed:
                        C:\Users\p2119\Desktop\FPGA_CrossLink_LIF_MD6000_DSI_to_OLED\impl_1280x1024\ip_cores\ip_cores\int_pll\int_pll.v (N/A, 2024-09-03 12:44:34) <-- (may instantiate this module)
81       work.NR4.verilog may have changed because the following files changed:
                        C:\Users\p2119\Desktop\FPGA_CrossLink_LIF_MD6000_DSI_to_OLED\impl_1280x1024\ip_cores\ip_cores\int_pll\int_pll.v (N/A, 2024-09-03 12:44:34) <-- (may instantiate this module)
82       work.NR5.verilog may have changed because the following files changed:
                        C:\Users\p2119\Desktop\FPGA_CrossLink_LIF_MD6000_DSI_to_OLED\impl_1280x1024\ip_cores\ip_cores\int_pll\int_pll.v (N/A, 2024-09-03 12:44:34) <-- (may instantiate this module)
83       work.OB.verilog may have changed because the following files changed:
                        C:\Users\p2119\Desktop\FPGA_CrossLink_LIF_MD6000_DSI_to_OLED\impl_1280x1024\ip_cores\ip_cores\int_pll\int_pll.v (N/A, 2024-09-03 12:44:34) <-- (may instantiate this module)
84       work.OBCO.verilog may have changed because the following files changed:
                        C:\Users\p2119\Desktop\FPGA_CrossLink_LIF_MD6000_DSI_to_OLED\impl_1280x1024\ip_cores\ip_cores\int_pll\int_pll.v (N/A, 2024-09-03 12:44:34) <-- (may instantiate this module)
85       work.OBZ.verilog may have changed because the following files changed:
                        C:\Users\p2119\Desktop\FPGA_CrossLink_LIF_MD6000_DSI_to_OLED\impl_1280x1024\ip_cores\ip_cores\int_pll\int_pll.v (N/A, 2024-09-03 12:44:34) <-- (may instantiate this module)
86       work.ODDR141A.verilog may have changed because the following files changed:
                        C:\Users\p2119\Desktop\FPGA_CrossLink_LIF_MD6000_DSI_to_OLED\impl_1280x1024\ip_cores\ip_cores\int_pll\int_pll.v (N/A, 2024-09-03 12:44:34) <-- (may instantiate this module)
87       work.ODDR71B.verilog may have changed because the following files changed:
                        C:\Users\p2119\Desktop\FPGA_CrossLink_LIF_MD6000_DSI_to_OLED\impl_1280x1024\ip_cores\ip_cores\int_pll\int_pll.v (N/A, 2024-09-03 12:44:34) <-- (may instantiate this module)
88       work.ODDRX1F.verilog may have changed because the following files changed:
                        C:\Users\p2119\Desktop\FPGA_CrossLink_LIF_MD6000_DSI_to_OLED\impl_1280x1024\ip_cores\ip_cores\int_pll\int_pll.v (N/A, 2024-09-03 12:44:34) <-- (may instantiate this module)
89       work.ODDRX2F.verilog may have changed because the following files changed:
                        C:\Users\p2119\Desktop\FPGA_CrossLink_LIF_MD6000_DSI_to_OLED\impl_1280x1024\ip_cores\ip_cores\int_pll\int_pll.v (N/A, 2024-09-03 12:44:34) <-- (may instantiate this module)
90       work.ODDRX4C.verilog may have changed because the following files changed:
                        C:\Users\p2119\Desktop\FPGA_CrossLink_LIF_MD6000_DSI_to_OLED\impl_1280x1024\ip_cores\ip_cores\int_pll\int_pll.v (N/A, 2024-09-03 12:44:34) <-- (may instantiate this module)
91       work.ODDRX8A.verilog may have changed because the following files changed:
                        C:\Users\p2119\Desktop\FPGA_CrossLink_LIF_MD6000_DSI_to_OLED\impl_1280x1024\ip_cores\ip_cores\int_pll\int_pll.v (N/A, 2024-09-03 12:44:34) <-- (may instantiate this module)
92       work.OFS1P3BX.verilog may have changed because the following files changed:
                        C:\Users\p2119\Desktop\FPGA_CrossLink_LIF_MD6000_DSI_to_OLED\impl_1280x1024\ip_cores\ip_cores\int_pll\int_pll.v (N/A, 2024-09-03 12:44:34) <-- (may instantiate this module)
93       work.OFS1P3DX.verilog may have changed because the following files changed:
                        C:\Users\p2119\Desktop\FPGA_CrossLink_LIF_MD6000_DSI_to_OLED\impl_1280x1024\ip_cores\ip_cores\int_pll\int_pll.v (N/A, 2024-09-03 12:44:34) <-- (may instantiate this module)
94       work.OFS1P3IX.verilog may have changed because the following files changed:
                        C:\Users\p2119\Desktop\FPGA_CrossLink_LIF_MD6000_DSI_to_OLED\impl_1280x1024\ip_cores\ip_cores\int_pll\int_pll.v (N/A, 2024-09-03 12:44:34) <-- (may instantiate this module)
95       work.OFS1P3JX.verilog may have changed because the following files changed:
                        C:\Users\p2119\Desktop\FPGA_CrossLink_LIF_MD6000_DSI_to_OLED\impl_1280x1024\ip_cores\ip_cores\int_pll\int_pll.v (N/A, 2024-09-03 12:44:34) <-- (may instantiate this module)
96       work.OLVDS.verilog may have changed because the following files changed:
                        C:\Users\p2119\Desktop\FPGA_CrossLink_LIF_MD6000_DSI_to_OLED\impl_1280x1024\ip_cores\ip_cores\int_pll\int_pll.v (N/A, 2024-09-03 12:44:34) <-- (may instantiate this module)
97       work.OR2.verilog may have changed because the following files changed:
                        C:\Users\p2119\Desktop\FPGA_CrossLink_LIF_MD6000_DSI_to_OLED\impl_1280x1024\ip_cores\ip_cores\int_pll\int_pll.v (N/A, 2024-09-03 12:44:34) <-- (may instantiate this module)
98       work.OR3.verilog may have changed because the following files changed:
                        C:\Users\p2119\Desktop\FPGA_CrossLink_LIF_MD6000_DSI_to_OLED\impl_1280x1024\ip_cores\ip_cores\int_pll\int_pll.v (N/A, 2024-09-03 12:44:34) <-- (may instantiate this module)
99       work.OR4.verilog may have changed because the following files changed:
                        C:\Users\p2119\Desktop\FPGA_CrossLink_LIF_MD6000_DSI_to_OLED\impl_1280x1024\ip_cores\ip_cores\int_pll\int_pll.v (N/A, 2024-09-03 12:44:34) <-- (may instantiate this module)
100      work.OR5.verilog may have changed because the following files changed:
                        C:\Users\p2119\Desktop\FPGA_CrossLink_LIF_MD6000_DSI_to_OLED\impl_1280x1024\ip_cores\ip_cores\int_pll\int_pll.v (N/A, 2024-09-03 12:44:34) <-- (may instantiate this module)
101      work.OSCI.verilog may have changed because the following files changed:
                        C:\Users\p2119\Desktop\FPGA_CrossLink_LIF_MD6000_DSI_to_OLED\impl_1280x1024\ip_cores\ip_cores\int_pll\int_pll.v (N/A, 2024-09-03 12:44:34) <-- (may instantiate this module)
102      work.PDPW8KE.verilog may have changed because the following files changed:
                        C:\Users\p2119\Desktop\FPGA_CrossLink_LIF_MD6000_DSI_to_OLED\impl_1280x1024\ip_cores\ip_cores\int_pll\int_pll.v (N/A, 2024-09-03 12:44:34) <-- (may instantiate this module)
103      work.PFUMX.verilog may have changed because the following files changed:
                        C:\Users\p2119\Desktop\FPGA_CrossLink_LIF_MD6000_DSI_to_OLED\impl_1280x1024\ip_cores\ip_cores\int_pll\int_pll.v (N/A, 2024-09-03 12:44:34) <-- (may instantiate this module)
104      work.PLLREFCS.verilog may have changed because the following files changed:
                        C:\Users\p2119\Desktop\FPGA_CrossLink_LIF_MD6000_DSI_to_OLED\impl_1280x1024\ip_cores\ip_cores\int_pll\int_pll.v (N/A, 2024-09-03 12:44:34) <-- (may instantiate this module)
105      work.PMUA.verilog may have changed because the following files changed:
                        C:\Users\p2119\Desktop\FPGA_CrossLink_LIF_MD6000_DSI_to_OLED\impl_1280x1024\ip_cores\ip_cores\int_pll\int_pll.v (N/A, 2024-09-03 12:44:34) <-- (may instantiate this module)
106      work.PUR.verilog may have changed because the following files changed:
                        C:\Users\p2119\Desktop\FPGA_CrossLink_LIF_MD6000_DSI_to_OLED\impl_1280x1024\ip_cores\ip_cores\int_pll\int_pll.v (N/A, 2024-09-03 12:44:34) <-- (may instantiate this module)
107      work.ROM128X1A.verilog may have changed because the following files changed:
                        C:\Users\p2119\Desktop\FPGA_CrossLink_LIF_MD6000_DSI_to_OLED\impl_1280x1024\ip_cores\ip_cores\int_pll\int_pll.v (N/A, 2024-09-03 12:44:34) <-- (may instantiate this module)
108      work.ROM16X1A.verilog may have changed because the following files changed:
                        C:\Users\p2119\Desktop\FPGA_CrossLink_LIF_MD6000_DSI_to_OLED\impl_1280x1024\ip_cores\ip_cores\int_pll\int_pll.v (N/A, 2024-09-03 12:44:34) <-- (may instantiate this module)
109      work.ROM256X1A.verilog may have changed because the following files changed:
                        C:\Users\p2119\Desktop\FPGA_CrossLink_LIF_MD6000_DSI_to_OLED\impl_1280x1024\ip_cores\ip_cores\int_pll\int_pll.v (N/A, 2024-09-03 12:44:34) <-- (may instantiate this module)
110      work.ROM32X1A.verilog may have changed because the following files changed:
                        C:\Users\p2119\Desktop\FPGA_CrossLink_LIF_MD6000_DSI_to_OLED\impl_1280x1024\ip_cores\ip_cores\int_pll\int_pll.v (N/A, 2024-09-03 12:44:34) <-- (may instantiate this module)
111      work.ROM64X1A.verilog may have changed because the following files changed:
                        C:\Users\p2119\Desktop\FPGA_CrossLink_LIF_MD6000_DSI_to_OLED\impl_1280x1024\ip_cores\ip_cores\int_pll\int_pll.v (N/A, 2024-09-03 12:44:34) <-- (may instantiate this module)
112      work.SGSR.verilog may have changed because the following files changed:
                        C:\Users\p2119\Desktop\FPGA_CrossLink_LIF_MD6000_DSI_to_OLED\impl_1280x1024\ip_cores\ip_cores\int_pll\int_pll.v (N/A, 2024-09-03 12:44:34) <-- (may instantiate this module)
113      work.SPR16X4C.verilog may have changed because the following files changed:
                        C:\Users\p2119\Desktop\FPGA_CrossLink_LIF_MD6000_DSI_to_OLED\impl_1280x1024\ip_cores\ip_cores\int_pll\int_pll.v (N/A, 2024-09-03 12:44:34) <-- (may instantiate this module)
114      work.VHI.verilog may have changed because the following files changed:
                        C:\Users\p2119\Desktop\FPGA_CrossLink_LIF_MD6000_DSI_to_OLED\impl_1280x1024\ip_cores\ip_cores\int_pll\int_pll.v (N/A, 2024-09-03 12:44:34) <-- (may instantiate this module)
115      work.VLO.verilog may have changed because the following files changed:
                        C:\Users\p2119\Desktop\FPGA_CrossLink_LIF_MD6000_DSI_to_OLED\impl_1280x1024\ip_cores\ip_cores\int_pll\int_pll.v (N/A, 2024-09-03 12:44:34) <-- (may instantiate this module)
116      work.XNOR2.verilog may have changed because the following files changed:
                        C:\Users\p2119\Desktop\FPGA_CrossLink_LIF_MD6000_DSI_to_OLED\impl_1280x1024\ip_cores\ip_cores\int_pll\int_pll.v (N/A, 2024-09-03 12:44:34) <-- (may instantiate this module)
117      work.XNOR3.verilog may have changed because the following files changed:
                        C:\Users\p2119\Desktop\FPGA_CrossLink_LIF_MD6000_DSI_to_OLED\impl_1280x1024\ip_cores\ip_cores\int_pll\int_pll.v (N/A, 2024-09-03 12:44:34) <-- (may instantiate this module)
118      work.XNOR4.verilog may have changed because the following files changed:
                        C:\Users\p2119\Desktop\FPGA_CrossLink_LIF_MD6000_DSI_to_OLED\impl_1280x1024\ip_cores\ip_cores\int_pll\int_pll.v (N/A, 2024-09-03 12:44:34) <-- (may instantiate this module)
119      work.XNOR5.verilog may have changed because the following files changed:
                        C:\Users\p2119\Desktop\FPGA_CrossLink_LIF_MD6000_DSI_to_OLED\impl_1280x1024\ip_cores\ip_cores\int_pll\int_pll.v (N/A, 2024-09-03 12:44:34) <-- (may instantiate this module)
120      work.XOR11.verilog may have changed because the following files changed:
                        C:\Users\p2119\Desktop\FPGA_CrossLink_LIF_MD6000_DSI_to_OLED\impl_1280x1024\ip_cores\ip_cores\int_pll\int_pll.v (N/A, 2024-09-03 12:44:34) <-- (may instantiate this module)
121      work.XOR2.verilog may have changed because the following files changed:
                        C:\Users\p2119\Desktop\FPGA_CrossLink_LIF_MD6000_DSI_to_OLED\impl_1280x1024\ip_cores\ip_cores\int_pll\int_pll.v (N/A, 2024-09-03 12:44:34) <-- (may instantiate this module)
122      work.XOR21.verilog may have changed because the following files changed:
                        C:\Users\p2119\Desktop\FPGA_CrossLink_LIF_MD6000_DSI_to_OLED\impl_1280x1024\ip_cores\ip_cores\int_pll\int_pll.v (N/A, 2024-09-03 12:44:34) <-- (may instantiate this module)
123      work.XOR3.verilog may have changed because the following files changed:
                        C:\Users\p2119\Desktop\FPGA_CrossLink_LIF_MD6000_DSI_to_OLED\impl_1280x1024\ip_cores\ip_cores\int_pll\int_pll.v (N/A, 2024-09-03 12:44:34) <-- (may instantiate this module)
124      work.XOR4.verilog may have changed because the following files changed:
                        C:\Users\p2119\Desktop\FPGA_CrossLink_LIF_MD6000_DSI_to_OLED\impl_1280x1024\ip_cores\ip_cores\int_pll\int_pll.v (N/A, 2024-09-03 12:44:34) <-- (may instantiate this module)
125      work.XOR5.verilog may have changed because the following files changed:
                        C:\Users\p2119\Desktop\FPGA_CrossLink_LIF_MD6000_DSI_to_OLED\impl_1280x1024\ip_cores\ip_cores\int_pll\int_pll.v (N/A, 2024-09-03 12:44:34) <-- (may instantiate this module)
126      work.int_pll.verilog may have changed because the following files changed:
                        C:\Users\p2119\Desktop\FPGA_CrossLink_LIF_MD6000_DSI_to_OLED\impl_1280x1024\ip_cores\ip_cores\int_pll\int_pll.v (N/A, 2024-09-03 12:44:34) <-- (module definition)

*******************************************************************
Unmodified files: 7
FID:  path (timestamp)
9        C:\lscc\diamond\3.13\cae_library\synthesis\verilog\lifmd.v (2021-02-25 00:38:14)
10       C:\lscc\diamond\3.13\cae_library\synthesis\verilog\pmi_def.v (2023-09-19 20:06:22)
11       C:\lscc\diamond\3.13\synpbase\lib\lucent\lifmd.v (2023-08-22 00:52:32)
12       C:\lscc\diamond\3.13\synpbase\lib\lucent\pmi_def.v (2023-08-10 12:56:42)
13       C:\lscc\diamond\3.13\synpbase\lib\vlog\hypermods.v (2023-08-10 10:32:12)
14       C:\lscc\diamond\3.13\synpbase\lib\vlog\scemi_objects.v (2023-08-10 10:32:12)
15       C:\lscc\diamond\3.13\synpbase\lib\vlog\scemi_pipes.svh (2023-08-10 10:32:12)

*******************************************************************
Unchanged modules: 33
MID:  lib.cell.view
127      work.jtagconn16.verilog
128      work.jtaghub16.verilog
129      work.pmi_add.verilog
130      work.pmi_addsub.verilog
131      work.pmi_complex_mult.verilog
132      work.pmi_constant_mult.verilog
133      work.pmi_counter.verilog
134      work.pmi_distributed_dpram.verilog
135      work.pmi_distributed_rom.verilog
136      work.pmi_distributed_shift_reg.verilog
137      work.pmi_distributed_spram.verilog
138      work.pmi_dsp_casmultaddsub.verilog
139      work.pmi_dsp_mac.verilog
140      work.pmi_dsp_mult.verilog
141      work.pmi_dsp_multaddsub.verilog
142      work.pmi_dsp_multaddsubsum.verilog
143      work.pmi_dsp_preadd_slice.verilog
144      work.pmi_fifo.verilog
145      work.pmi_fifo_dc.verilog
146      work.pmi_mac.verilog
147      work.pmi_mult.verilog
148      work.pmi_multaddsub.verilog
149      work.pmi_multaddsubsum.verilog
150      work.pmi_pll.verilog
151      work.pmi_pll_fp.verilog
152      work.pmi_ram_dp.verilog
153      work.pmi_ram_dp_be.verilog
154      work.pmi_ram_dp_true.verilog
155      work.pmi_ram_dp_true_be.verilog
156      work.pmi_ram_dq.verilog
157      work.pmi_ram_dq_be.verilog
158      work.pmi_rom.verilog
159      work.pmi_sub.verilog
