
Copyright (C) 1994-2023 Synopsys, Inc.
This Synopsys software and all associated documentation are proprietary to Synopsys, Inc.
and may only be used pursuant to the terms and conditions of a written license agreement
with Synopsys, Inc. All other use, reproduction, modification, or distribution of the
Synopsys software or the associated documentation is strictly prohibited.
Tool: Synplify Pro (R)
Build: U-2023.03L-SP1
Install: D:\LatticeDiamond\diamond\3.13\synpbase
OS: Windows 10 or later
Hostname: ADMINISTRATOR

Implementation : impl_800x600
Synopsys HDL compiler and linker, Version comp202303synp1, Build 155R, Built Aug 10 2023 09:42:17, @

Modified Files: 0
FID:  path (prevtimestamp, timestamp)

*******************************************************************
Modules that may have changed as a result of file changes: 0
MID:  lib.cell.view

*******************************************************************
Unmodified files: 19
FID:  path (timestamp)
20       C:\Users\jarsul\Desktop\fpga\impl_800x600\ip_cores\ip_cores\b2p\b2p.v (2024-09-03 19:16:04)
21       C:\Users\jarsul\Desktop\fpga\impl_800x600\ip_cores\ip_cores\b2p\b2p_byte2pixel_bb.v (2024-09-03 19:16:04)
22       C:\Users\jarsul\Desktop\fpga\impl_800x600\ip_cores\ip_cores\int_pll\int_pll.v (2024-09-03 19:16:04)
23       C:\Users\jarsul\Desktop\fpga\impl_800x600\ip_cores\ip_cores\ip_cores.v (2024-09-03 19:16:05)
24       C:\Users\jarsul\Desktop\fpga\impl_800x600\ip_cores\ip_cores\rx_dphy\rx_dphy.v (2024-09-03 19:16:05)
25       C:\Users\jarsul\Desktop\fpga\impl_800x600\ip_cores\ip_cores\rx_dphy\rx_dphy_capture_ctrl_bb.v (2024-09-03 19:16:05)
26       C:\Users\jarsul\Desktop\fpga\impl_800x600\ip_cores\ip_cores\rx_dphy\rx_dphy_dphy_rx.v (2024-09-03 19:16:05)
27       C:\Users\jarsul\Desktop\fpga\impl_800x600\ip_cores\ip_cores\rx_dphy\rx_dphy_dphy_rx_wrap_bb.v (2024-09-03 19:16:05)
28       C:\Users\jarsul\Desktop\fpga\impl_800x600\ip_cores\ip_cores\rx_dphy\rx_dphy_dphy_wrapper.v (2024-09-03 19:16:05)
29       C:\Users\jarsul\Desktop\fpga\impl_800x600\ip_cores\ip_cores\rx_dphy\rx_dphy_rx_global_ctrl_bb.v (2024-09-03 19:16:05)
30       C:\Users\jarsul\Desktop\fpga\impl_800x600\ip_cores\ip_cores\rx_dphy\rx_dphy_soft_dphy_rx_bb.v (2024-09-03 19:16:05)
31       C:\Users\jarsul\Desktop\fpga\impl_800x600\source\mipi2parallel.v (2024-09-03 21:53:18)
32       C:\Users\jarsul\Desktop\fpga\impl_800x600\source\mipi2parallel_top.v (2024-09-03 21:52:46)
33       C:\Users\jarsul\Desktop\fpga\impl_800x600\source\synthesis_directives.v (2024-09-03 21:58:24)
34       D:\LatticeDiamond\diamond\3.13\synpbase\lib\lucent\lifmd.v (2023-08-21 23:52:32)
35       D:\LatticeDiamond\diamond\3.13\synpbase\lib\lucent\pmi_def.v (2023-08-10 11:56:42)
36       D:\LatticeDiamond\diamond\3.13\synpbase\lib\vlog\hypermods.v (2023-08-10 09:32:12)
37       D:\LatticeDiamond\diamond\3.13\synpbase\lib\vlog\scemi_objects.v (2023-08-10 09:32:12)
38       D:\LatticeDiamond\diamond\3.13\synpbase\lib\vlog\scemi_pipes.svh (2023-08-10 09:32:12)

*******************************************************************
Unchanged modules: 13
MID:  lib.cell.view
0        work.b2p.verilog
1        work.b2p_byte2pixel.verilog
3        work.int_pll.verilog
4        work.ip_cores.verilog
5        work.mipi2parallel.verilog
6        work.mipi2parallel_top.verilog
7        work.rx_dphy.verilog
8        work.rx_dphy_capture_ctrl.verilog
9        work.rx_dphy_dphy_rx.verilog
10       work.rx_dphy_dphy_rx_wrap.verilog
11       work.rx_dphy_dphy_wrapper.verilog
12       work.rx_dphy_rx_global_ctrl.verilog
13       work.rx_dphy_soft_dphy_rx.verilog
